c:\users\marta\desktop\rtacg_students\visualstudio2015\rtacg\rt_acg\debug\vc143.pdb
c:\users\marta\desktop\rtacg_students\visualstudio2015\rtacg\rt_acg\debug\vc143.idb
c:\users\marta\desktop\rtacg_students\visualstudio2015\rtacg\rt_acg\debug\intersectionshader.obj
c:\users\marta\desktop\rtacg_students\visualstudio2015\rtacg\rt_acg\debug\depthshader.obj
c:\users\marta\desktop\rtacg_students\visualstudio2015\rtacg\rt_acg\debug\phong.obj
c:\users\marta\desktop\rtacg_students\visualstudio2015\rtacg\rt_acg\debug\material.obj
c:\users\marta\desktop\rtacg_students\visualstudio2015\rtacg\rt_acg\debug\emissive.obj
c:\users\marta\desktop\rtacg_students\visualstudio2015\rtacg\rt_acg\debug\main.obj
c:\users\marta\desktop\rtacg_students\visualstudio2015\rtacg\rt_acg\debug\arealightsource.obj
c:\users\marta\desktop\rtacg_students\visualstudio2015\rtacg\rt_acg\debug\vector3d.obj
c:\users\marta\desktop\rtacg_students\visualstudio2015\rtacg\rt_acg\debug\utils.obj
c:\users\marta\desktop\rtacg_students\visualstudio2015\rtacg\rt_acg\debug\scene.obj
c:\users\marta\desktop\rtacg_students\visualstudio2015\rtacg\rt_acg\debug\ray.obj
c:\users\marta\desktop\rtacg_students\visualstudio2015\rtacg\rt_acg\debug\matrix4x4.obj
c:\users\marta\desktop\rtacg_students\visualstudio2015\rtacg\rt_acg\debug\intersection.obj
c:\users\marta\desktop\rtacg_students\visualstudio2015\rtacg\rt_acg\debug\hemisphericalsampler.obj
c:\users\marta\desktop\rtacg_students\visualstudio2015\rtacg\rt_acg\debug\film.obj
c:\users\marta\desktop\rtacg_students\visualstudio2015\rtacg\rt_acg\debug\eqsolver.obj
c:\users\marta\desktop\rtacg_students\visualstudio2015\rtacg\rt_acg\debug\bitmap.obj
c:\users\marta\desktop\rtacg_students\visualstudio2015\rtacg\rt_acg\debug\perspective.obj
c:\users\marta\desktop\rtacg_students\visualstudio2015\rtacg\rt_acg\debug\ortographic.obj
c:\users\marta\desktop\rtacg_students\visualstudio2015\rtacg\rt_acg\debug\camera.obj
c:\users\marta\desktop\rtacg_students\visualstudio2015\rtacg\rt_acg\debug\normalshader.obj
c:\users\marta\desktop\rtacg_students\visualstudio2015\rtacg\rt_acg\debug\square.obj
c:\users\marta\desktop\rtacg_students\visualstudio2015\rtacg\rt_acg\debug\sphere.obj
c:\users\marta\desktop\rtacg_students\visualstudio2015\rtacg\rt_acg\debug\shape.obj
c:\users\marta\desktop\rtacg_students\visualstudio2015\rtacg\rt_acg\debug\infiniteplan.obj
c:\users\marta\desktop\rtacg_students\visualstudio2015\rtacg\rt_acg\debug\shader.obj
c:\users\marta\desktop\rtacg_students\visualstudio2015\rtacg\debug\rt_acg.exe
c:\users\marta\desktop\rtacg_students\visualstudio2015\rtacg\debug\rt_acg.pdb
c:\users\marta\desktop\rtacg_students\visualstudio2015\rtacg\rt_acg\debug\rt_acg.ilk
c:\users\marta\desktop\rtacg_students\visualstudio2015\rtacg\rt_acg\debug\rt_acg.tlog\cl.command.1.tlog
c:\users\marta\desktop\rtacg_students\visualstudio2015\rtacg\rt_acg\debug\rt_acg.tlog\cl.items.tlog
c:\users\marta\desktop\rtacg_students\visualstudio2015\rtacg\rt_acg\debug\rt_acg.tlog\cl.read.1.tlog
c:\users\marta\desktop\rtacg_students\visualstudio2015\rtacg\rt_acg\debug\rt_acg.tlog\cl.write.1.tlog
c:\users\marta\desktop\rtacg_students\visualstudio2015\rtacg\rt_acg\debug\rt_acg.tlog\link.command.1.tlog
c:\users\marta\desktop\rtacg_students\visualstudio2015\rtacg\rt_acg\debug\rt_acg.tlog\link.read.1.tlog
c:\users\marta\desktop\rtacg_students\visualstudio2015\rtacg\rt_acg\debug\rt_acg.tlog\link.secondary.1.tlog
c:\users\marta\desktop\rtacg_students\visualstudio2015\rtacg\rt_acg\debug\rt_acg.tlog\link.write.1.tlog
